P(C=1) = [20 / 84]
P(A0=1 | C=1) = 15 / 20
P(A1=1 | C=1) = 15 / 20
P(A2=1 | C=1) = 10 / 20
P(C=2) = [34 / 84]
P(A0=1 | C=2) = 8 / 34
P(A1=1 | C=2) = 20 / 34
P(A2=1 | C=2) = 16 / 34
P(C=3) = [30 / 84]
P(A0=1 | C=3) = 15 / 30
P(A1=1 | C=3) = 20 / 30
P(A2=1 | C=3) = 10 / 30
NB(C=1) = 0.066964
NB(C=2) = 0.026363
NB(C=3) = 0.039683
match: "1"
P(C=1) = [20 / 84]
P(A0=1 | C=1) = 15 / 20
P(A1=1 | C=1) = 15 / 20
P(A2=2 | C=1) = 10 / 20
P(C=2) = [34 / 84]
P(A0=1 | C=2) = 8 / 34
P(A1=1 | C=2) = 20 / 34
P(A2=2 | C=2) = 18 / 34
P(C=3) = [30 / 84]
P(A0=1 | C=3) = 15 / 30
P(A1=1 | C=3) = 20 / 30
P(A2=2 | C=3) = 20 / 30
NB(C=1) = 0.066964
NB(C=2) = 0.029659
NB(C=3) = 0.079365
fail: got "3" != want "2"
P(C=1) = [20 / 84]
P(A0=1 | C=1) = 15 / 20
P(A1=2 | C=1) = 5 / 20
P(A2=1 | C=1) = 10 / 20
P(C=2) = [34 / 84]
P(A0=1 | C=2) = 8 / 34
P(A1=2 | C=2) = 14 / 34
P(A2=1 | C=2) = 16 / 34
P(C=3) = [30 / 84]
P(A0=1 | C=3) = 15 / 30
P(A1=2 | C=3) = 10 / 30
P(A2=1 | C=3) = 10 / 30
NB(C=1) = 0.022321
NB(C=2) = 0.018454
NB(C=3) = 0.019841
fail: got "1" != want "3"
P(C=1) = [20 / 84]
P(A0=1 | C=1) = 15 / 20
P(A1=2 | C=1) = 5 / 20
P(A2=2 | C=1) = 10 / 20
P(C=2) = [34 / 84]
P(A0=1 | C=2) = 8 / 34
P(A1=2 | C=2) = 14 / 34
P(A2=2 | C=2) = 18 / 34
P(C=3) = [30 / 84]
P(A0=1 | C=3) = 15 / 30
P(A1=2 | C=3) = 10 / 30
P(A2=2 | C=3) = 20 / 30
NB(C=1) = 0.022321
NB(C=2) = 0.020761
NB(C=3) = 0.039683
fail: got "3" != want "1"
P(C=1) = [20 / 84]
P(A0=2 | C=1) = 5 / 20
P(A1=1 | C=1) = 15 / 20
P(A2=1 | C=1) = 10 / 20
P(C=2) = [34 / 84]
P(A0=2 | C=2) = 26 / 34
P(A1=1 | C=2) = 20 / 34
P(A2=1 | C=2) = 16 / 34
P(C=3) = [30 / 84]
P(A0=2 | C=3) = 15 / 30
P(A1=1 | C=3) = 20 / 30
P(A2=1 | C=3) = 10 / 30
NB(C=1) = 0.022321
NB(C=2) = 0.085681
NB(C=3) = 0.039683
match: "2"
P(C=1) = [20 / 84]
P(A0=2 | C=1) = 5 / 20
P(A1=1 | C=1) = 15 / 20
P(A2=2 | C=1) = 10 / 20
P(C=2) = [34 / 84]
P(A0=2 | C=2) = 26 / 34
P(A1=1 | C=2) = 20 / 34
P(A2=2 | C=2) = 18 / 34
P(C=3) = [30 / 84]
P(A0=2 | C=3) = 15 / 30
P(A1=1 | C=3) = 20 / 30
P(A2=2 | C=3) = 20 / 30
NB(C=1) = 0.022321
NB(C=2) = 0.096391
NB(C=3) = 0.079365
fail: got "2" != want "3"
P(C=1) = [20 / 84]
P(A0=2 | C=1) = 5 / 20
P(A1=2 | C=1) = 5 / 20
P(A2=1 | C=1) = 10 / 20
P(C=2) = [34 / 84]
P(A0=2 | C=2) = 26 / 34
P(A1=2 | C=2) = 14 / 34
P(A2=1 | C=2) = 16 / 34
P(C=3) = [30 / 84]
P(A0=2 | C=3) = 15 / 30
P(A1=2 | C=3) = 10 / 30
P(A2=1 | C=3) = 10 / 30
NB(C=1) = 0.007440
NB(C=2) = 0.059977
NB(C=3) = 0.019841
fail: got "2" != want "1"
P(C=1) = [20 / 84]
P(A0=2 | C=1) = 5 / 20
P(A1=2 | C=1) = 5 / 20
P(A2=2 | C=1) = 10 / 20
P(C=2) = [34 / 84]
P(A0=2 | C=2) = 26 / 34
P(A1=2 | C=2) = 14 / 34
P(A2=2 | C=2) = 18 / 34
P(C=3) = [30 / 84]
P(A0=2 | C=3) = 15 / 30
P(A1=2 | C=3) = 10 / 30
P(A2=2 | C=3) = 20 / 30
NB(C=1) = 0.007440
NB(C=2) = 0.067474
NB(C=3) = 0.039683
match: "2"
Label=1 Precision=1/2 Recall=1/3
Label=2 Precision=2/4 Recall=2/3
Label=3 Precision=0/2 Recall=0/2
